{ 0x3E, 0x00, 0x55, 0x05, 0x0, 0x0, 0x0, 0x30 },
{ 0x5A, 0x01, 0x55, 0x05, 0x0, 0x0, 0x0, 0x30 },
{ 0xF6, 0x02, 0x55, 0x05, 0x0, 0x0, 0x0, 0x30 },
{ 0x92, 0x03, 0x55, 0x05, 0x0, 0x0, 0x0, 0x30 },
{ 0x81, 0x04, 0x55, 0x05, 0x0, 0x0, 0x0, 0x30 },
{ 0xE5, 0x05, 0x55, 0x05, 0x0, 0x0, 0x0, 0x30 },
{ 0x49, 0x06, 0x55, 0x05, 0x0, 0x0, 0x0, 0x30 },
{ 0x2D, 0x07, 0x55, 0x05, 0x0, 0x0, 0x0, 0x30 },
{ 0x6F, 0x08, 0x55, 0x05, 0x0, 0x0, 0x0, 0x30 },
{ 0x0B, 0x09, 0x55, 0x05, 0x0, 0x0, 0x0, 0x30 },
{ 0xA7, 0x0A, 0x55, 0x05, 0x0, 0x0, 0x0, 0x30 },
{ 0xC3, 0x0B, 0x55, 0x05, 0x0, 0x0, 0x0, 0x30 },
{ 0xD0, 0x0C, 0x55, 0x05, 0x0, 0x0, 0x0, 0x30 },
{ 0xB4, 0x0D, 0x55, 0x05, 0x0, 0x0, 0x0, 0x30 },
{ 0x18, 0x0E, 0x55, 0x05, 0x0, 0x0, 0x0, 0x30 },
{ 0x7C, 0x0F, 0x55, 0x05, 0x0, 0x0, 0x0, 0x30 },


 { 0xD0, 0x1F, 0x80, 0x00, 0x00, 0x03, 0x00, 0x19 }, 
 { 0xD1, 0x1F, 0x80, 0x00, 0x00, 0x03, 0x00, 0x13 }, 
 { 0xD2, 0x1F, 0x80, 0x00, 0x00, 0x03, 0x00, 0xDC }, 
 { 0xD3, 0x1F, 0x80, 0x00, 0x00, 0x03, 0x00, 0xA9 }, 
 { 0xD4, 0x1F, 0x80, 0x00, 0x00, 0x03, 0x00, 0x3F }, 
 { 0xD5, 0x1F, 0x80, 0x00, 0x00, 0x03, 0x00, 0xA5 }, 
 { 0xD6, 0x1F, 0x80, 0x00, 0x00, 0x03, 0x00, 0xB7 }, 
 { 0xD7, 0x1F, 0x80, 0x00, 0x00, 0x03, 0x00, 0x8D }, 
 { 0xD8, 0x1F, 0x80, 0x00, 0x00, 0x03, 0x00, 0x4A }, 
 { 0xD9, 0x1F, 0x80, 0x00, 0x00, 0x03, 0x00, 0x78 }, 
 { 0xDA, 0x1F, 0x80, 0x00, 0x00, 0x03, 0x00, 0x34 }, 
 { 0xDB, 0x1F, 0x80, 0x00, 0x00, 0x03, 0x00, 0x1B }, 
 { 0xDC, 0x1F, 0x80, 0x00, 0x00, 0x03, 0x00, 0x82 }, 
 { 0xDD, 0x1F, 0x80, 0x00, 0x00, 0x03, 0x00, 0x0B }, 
 { 0xDE, 0x1F, 0x80, 0x00, 0x00, 0x03, 0x00, 0xF4 }, 
 { 0xDF, 0x1F, 0x80, 0x00, 0x00, 0x03, 0x00, 0x63 }, 




	{ 0x30, 0xA6, 0x00, 0xE6, 0x00, 0x02, 0x00, 0x95 },
	{ 0x31, 0xA6, 0x00, 0xE6, 0x00, 0x02, 0x00, 0xF1 },
	{ 0x32, 0xA6, 0x00, 0xE6, 0x00, 0x02, 0x00, 0x5D },
	{ 0x33, 0xA6, 0x00, 0xE6, 0x00, 0x02, 0x00, 0x39 },
	{ 0x34, 0xA6, 0x00, 0xE6, 0x00, 0x02, 0x00, 0x2A },
	{ 0x35, 0xA6, 0x00, 0xE6, 0x00, 0x02, 0x00, 0x4E },
	{ 0x36, 0xA6, 0x00, 0xE6, 0x00, 0x02, 0x00, 0xE2 },
	{ 0x37, 0xA6, 0x00, 0xE6, 0x00, 0x02, 0x00, 0x86 },
	{ 0x38, 0xA6, 0x00, 0xE6, 0x00, 0x02, 0x00, 0xC4 },
	{ 0x39, 0xA6, 0x00, 0xE6, 0x00, 0x02, 0x00, 0xA0 },
	{ 0x3A, 0xA6, 0x00, 0xE6, 0x00, 0x02, 0x00, 0x0C },
	{ 0x3B, 0xA6, 0x00, 0xE6, 0x00, 0x02, 0x00, 0x68 },
	{ 0x3C, 0xA6, 0x00, 0xE6, 0x00, 0x02, 0x00, 0x7B },
	{ 0x3D, 0xA6, 0x00, 0xE6, 0x00, 0x02, 0x00, 0x1F },
	{ 0x3E, 0xA6, 0x00, 0xE6, 0x00, 0x02, 0x00, 0xB3 },
	{ 0x3F, 0xA6, 0x00, 0xE6, 0x00, 0x02, 0x00, 0xD7 },
	{ 0x30, 0xA6, 0x00, 0xE6, 0x00, 0x02, 0x00, 0x95 },


0x95,
0xF1,
0x5D,
0x39,
0x2A,
0x4E,
0xE2,
0x86,
0xC4,
0xA0,
0x0C,
0x68,
0x7B,
0x1F,
0xB3,
0xD7,
0x95,











